<?xml version="1.0" encoding="UTF-8"?>
<testng-results skipped="0" failed="0" ignored="0" total="4" passed="4">
  <reporter-output>
  </reporter-output>
  <suite name="ApiAutoTest" duration-ms="22" started-at="2019-10-11T09:49:47Z" finished-at="2019-10-11T09:49:47Z">
    <groups>
    </groups>
    <test name="all cases" duration-ms="22" started-at="2019-10-11T09:49:47Z" finished-at="2019-10-11T09:49:47Z">
      <class name="cn.itcast.gjp.test">
        <test-method status="PASS" signature="test1(cn.itcast.gjp.domain.testCase)[pri:0, instance:cn.itcast.gjp.test@7ef82759]" name="test1" duration-ms="4" started-at="2019-10-11T17:49:47Z" data-provider="test" finished-at="2019-10-11T17:49:47Z">
          <params>
            <param index="0">
              <value>
                <![CDATA[testCase(id=1, depend=true, weights=0, caseName=排序一, ScenesName=场景一)]]>
              </value>
            </param>
          </params>
          <reporter-output>
          </reporter-output>
        </test-method> <!-- test1 -->
        <test-method status="PASS" signature="test1(cn.itcast.gjp.domain.testCase)[pri:0, instance:cn.itcast.gjp.test@7ef82759]" name="test1" duration-ms="0" started-at="2019-10-11T17:49:47Z" data-provider="test" finished-at="2019-10-11T17:49:47Z">
          <params>
            <param index="0">
              <value>
                <![CDATA[testCase(id=4, depend=true, weights=10, caseName=排序三, ScenesName=场景一)]]>
              </value>
            </param>
          </params>
          <reporter-output>
          </reporter-output>
        </test-method> <!-- test1 -->
        <test-method status="PASS" signature="test1(cn.itcast.gjp.domain.testCase)[pri:0, instance:cn.itcast.gjp.test@7ef82759]" name="test1" duration-ms="0" started-at="2019-10-11T17:49:47Z" data-provider="test" finished-at="2019-10-11T17:49:47Z">
          <params>
            <param index="0">
              <value>
                <![CDATA[testCase(id=2, depend=true, weights=0, caseName=排序二, ScenesName=场景二)]]>
              </value>
            </param>
          </params>
          <reporter-output>
          </reporter-output>
        </test-method> <!-- test1 -->
        <test-method status="PASS" signature="test1(cn.itcast.gjp.domain.testCase)[pri:0, instance:cn.itcast.gjp.test@7ef82759]" name="test1" duration-ms="0" started-at="2019-10-11T17:49:47Z" data-provider="test" finished-at="2019-10-11T17:49:47Z">
          <params>
            <param index="0">
              <value>
                <![CDATA[testCase(id=5, depend=true, weights=10, caseName=排序四, ScenesName=场景二)]]>
              </value>
            </param>
          </params>
          <reporter-output>
          </reporter-output>
        </test-method> <!-- test1 -->
      </class> <!-- cn.itcast.gjp.test -->
    </test> <!-- all cases -->
  </suite> <!-- ApiAutoTest -->
</testng-results>
