<?xml version="1.0" encoding="UTF-8"?>
<!-- Generated by org.testng.reporters.JUnitXMLReporter -->
<testsuite hostname="appledeMacBook-Pro-185.local" ignored="0" name="all cases" tests="4" failures="0" timestamp="11 十月 2019 03:42:46 GMT" time="0.018" errors="0">
  <testcase name="test1" time="0.003" classname="cn.itcast.gjp.test"/>
  <testcase name="test1" time="0.0" classname="cn.itcast.gjp.test"/>
  <testcase name="test1" time="0.001" classname="cn.itcast.gjp.test"/>
  <testcase name="test1" time="0.0" classname="cn.itcast.gjp.test"/>
</testsuite> <!-- all cases -->
